
* Started at 2022-10-03T13:33:18.067430Z

* Settings
Project dir: /Users/julio.buenocotta/AndroidStudioProjects/KspMemory/.
Output dir: /Users/julio.buenocotta/AndroidStudioProjects/KspMemory/ksp
Profiler: none
Benchmark: true
Versions: []
Gradle User Home: /Users/julio.buenocotta/AndroidStudioProjects/KspMemory/gradle-user-home
Targets: []
Warm-ups: 3
Builds: 50
com.typesafe.config.ConfigException$Parse: /Users/julio.buenocotta/AndroidStudioProjects/KspMemory/changes.scenario: 1: Key 'gradle-profiler' may not be followed by token: '\' (Reserved character '\' is not allowed outside quotes) (if you intended '\' (Reserved character '\' is not allowed outside quotes) to be part of a key or string value, try enclosing the key or value in double quotes)
	at com.typesafe.config.impl.ConfigDocumentParser$ParseContext.parseError(ConfigDocumentParser.java:201)
	at com.typesafe.config.impl.ConfigDocumentParser$ParseContext.parseError(ConfigDocumentParser.java:197)
	at com.typesafe.config.impl.ConfigDocumentParser$ParseContext.parseObject(ConfigDocumentParser.java:461)
	at com.typesafe.config.impl.ConfigDocumentParser$ParseContext.parse(ConfigDocumentParser.java:648)
	at com.typesafe.config.impl.ConfigDocumentParser.parse(ConfigDocumentParser.java:14)
	at com.typesafe.config.impl.Parseable.rawParseValue(Parseable.java:260)
	at com.typesafe.config.impl.Parseable.rawParseValue(Parseable.java:248)
	at com.typesafe.config.impl.Parseable.parseValue(Parseable.java:180)
	at com.typesafe.config.impl.Parseable.parseValue(Parseable.java:174)
	at com.typesafe.config.impl.Parseable.parse(Parseable.java:299)
	at com.typesafe.config.ConfigFactory.parseFile(ConfigFactory.java:689)
	at org.gradle.profiler.ScenarioLoader.loadScenarios(ScenarioLoader.java:209)
	at org.gradle.profiler.ScenarioLoader.doLoadScenarios(ScenarioLoader.java:175)
	at org.gradle.profiler.ScenarioLoader.loadScenarios(ScenarioLoader.java:156)
	at org.gradle.profiler.Main.run(Main.java:56)
	at org.gradle.profiler.Main.main(Main.java:25)

